Determining if the pthread_create exist failed with the following output:
Change Dir: /home/gustavo/Descargas/Api-restgrpc-vehicle/CMakeFiles/CMakeTmp

Run Build Command:"/usr/bin/make" "cmTC_97355/fast"
/usr/bin/make -f CMakeFiles/cmTC_97355.dir/build.make CMakeFiles/cmTC_97355.dir/build
make[1]: se entra en el directorio '/home/gustavo/Descargas/Api-restgrpc-vehicle/CMakeFiles/CMakeTmp'
Building C object CMakeFiles/cmTC_97355.dir/CheckSymbolExists.c.o
/usr/bin/cc    -o CMakeFiles/cmTC_97355.dir/CheckSymbolExists.c.o   -c /home/gustavo/Descargas/Api-restgrpc-vehicle/CMakeFiles/CMakeTmp/CheckSymbolExists.c
Linking C executable cmTC_97355
/usr/bin/cmake -E cmake_link_script CMakeFiles/cmTC_97355.dir/link.txt --verbose=1
/usr/bin/cc      CMakeFiles/cmTC_97355.dir/CheckSymbolExists.c.o  -o cmTC_97355 
/usr/bin/ld: CMakeFiles/cmTC_97355.dir/CheckSymbolExists.c.o: en la función `main':
CheckSymbolExists.c:(.text+0x1b): referencia a `pthread_create' sin definir
collect2: error: ld returned 1 exit status
make[1]: *** [CMakeFiles/cmTC_97355.dir/build.make:87: cmTC_97355] Error 1
make[1]: se sale del directorio '/home/gustavo/Descargas/Api-restgrpc-vehicle/CMakeFiles/CMakeTmp'
make: *** [Makefile:121: cmTC_97355/fast] Error 2

File /home/gustavo/Descargas/Api-restgrpc-vehicle/CMakeFiles/CMakeTmp/CheckSymbolExists.c:
/* */
#include <pthread.h>

int main(int argc, char** argv)
{
  (void)argv;
#ifndef pthread_create
  return ((int*)(&pthread_create))[argc];
#else
  (void)argc;
  return 0;
#endif
}

Determining if the function pthread_create exists in the pthreads failed with the following output:
Change Dir: /home/gustavo/Descargas/Api-restgrpc-vehicle/CMakeFiles/CMakeTmp

Run Build Command:"/usr/bin/make" "cmTC_fcff4/fast"
/usr/bin/make -f CMakeFiles/cmTC_fcff4.dir/build.make CMakeFiles/cmTC_fcff4.dir/build
make[1]: se entra en el directorio '/home/gustavo/Descargas/Api-restgrpc-vehicle/CMakeFiles/CMakeTmp'
Building C object CMakeFiles/cmTC_fcff4.dir/CheckFunctionExists.c.o
/usr/bin/cc   -DCHECK_FUNCTION_EXISTS=pthread_create   -o CMakeFiles/cmTC_fcff4.dir/CheckFunctionExists.c.o   -c /usr/share/cmake-3.13/Modules/CheckFunctionExists.c
Linking C executable cmTC_fcff4
/usr/bin/cmake -E cmake_link_script CMakeFiles/cmTC_fcff4.dir/link.txt --verbose=1
/usr/bin/cc  -DCHECK_FUNCTION_EXISTS=pthread_create    CMakeFiles/cmTC_fcff4.dir/CheckFunctionExists.c.o  -o cmTC_fcff4 -lpthreads 
/usr/bin/ld: no se puede encontrar -lpthreads
collect2: error: ld returned 1 exit status
make[1]: *** [CMakeFiles/cmTC_fcff4.dir/build.make:87: cmTC_fcff4] Error 1
make[1]: se sale del directorio '/home/gustavo/Descargas/Api-restgrpc-vehicle/CMakeFiles/CMakeTmp'
make: *** [Makefile:121: cmTC_fcff4/fast] Error 2


